[debug] [2023-07-24T16:05:10.881Z] ----------------------------------------------------------------------
[debug] [2023-07-24T16:05:10.883Z] Command:       C:\Program Files\nodejs\node.exe C:\Users\admin\AppData\Roaming\npm\node_modules\firebase-tools\lib\bin\firebase.js init
[debug] [2023-07-24T16:05:10.884Z] CLI Version:   12.4.5
[debug] [2023-07-24T16:05:10.884Z] Platform:      win32
[debug] [2023-07-24T16:05:10.884Z] Node Version:  v18.16.1
[debug] [2023-07-24T16:05:10.885Z] Time:          Mon Jul 24 2023 21:35:10 GMT+0530 (India Standard Time)
[debug] [2023-07-24T16:05:10.885Z] ----------------------------------------------------------------------
[debug] 
[debug] [2023-07-24T16:05:10.893Z] > command requires scopes: ["email","openid","https://www.googleapis.com/auth/cloudplatformprojects.readonly","https://www.googleapis.com/auth/firebase","https://www.googleapis.com/auth/cloud-platform"]
[debug] [2023-07-24T16:05:10.894Z] > authorizing via signed-in user (nayansenjaliya5@gmail.com)
[info] 
     ######## #### ########  ######## ########     ###     ######  ########
     ##        ##  ##     ## ##       ##     ##  ##   ##  ##       ##
     ######    ##  ########  ######   ########  #########  ######  ######
     ##        ##  ##    ##  ##       ##     ## ##     ##       ## ##
     ##       #### ##     ## ######## ########  ##     ##  ######  ########

You're about to initialize a Firebase project in this directory:

  D:\All Projects\Web\W-005 DeGain\Code

[info] 
=== Project Setup
[info] 
[info] First, let's associate this project directory with a Firebase project.
[info] You can create multiple project aliases by running firebase use --add, 
[info] but for now we'll just set up a default project.
[info] 
[debug] [2023-07-24T16:05:20.249Z] >>> [apiv2][query] GET https://firebase.googleapis.com/v1beta1/projects pageSize=100
[debug] [2023-07-24T16:05:21.105Z] <<< [apiv2][status] GET https://firebase.googleapis.com/v1beta1/projects 200
[debug] [2023-07-24T16:05:21.105Z] <<< [apiv2][body] GET https://firebase.googleapis.com/v1beta1/projects [omitted]
[info] i  Using project degain-21183 (DeGain) 
[info] 
=== Hosting Setup
[info] 
[info] Your public directory is the folder (relative to your project directory) that
[info] will contain Hosting assets to be uploaded with firebase deploy. If you
[info] have a build process for your assets, use your build's output directory.
[info] 
